-------------------------------------------------------------------------------
Test set: ru.yandex.sprint3.LoginCourierTest
-------------------------------------------------------------------------------
Tests run: 8, Failures: 1, Errors: 0, Skipped: 0, Time elapsed: 65.549 s <<< FAILURE! - in ru.yandex.sprint3.LoginCourierTest
testSystemErrorWithNullValuePassword(ru.yandex.sprint3.LoginCourierTest)  Time elapsed: 60.799 s  <<< FAILURE!
java.lang.AssertionError: 
1 expectation failed.
Expected status code <404> but was <504>.

	at ru.yandex.sprint3.LoginCourierTest.testSystemErrorWithNullValuePassword(LoginCourierTest.java:203)

