<?xml version="1.0" encoding="UTF-8"?>
<testsuite xmlns:xsi="http://www.w3.org/2001/XMLSchema-instance" xsi:noNamespaceSchemaLocation="https://maven.apache.org/surefire/maven-surefire-plugin/xsd/surefire-test-report.xsd" name="ru.yandex.sprint3.LoginCourierTest" time="65.549" tests="8" errors="0" skipped="0" failures="1">
  <properties>
[...]
</properties>
  <testcase name="testCourierAuthWithRequiredFields" classname="ru.yandex.sprint3.LoginCourierTest" time="0.782"/>
  <testcase name="testCourierLogin" classname="ru.yandex.sprint3.LoginCourierTest" time="0.632"/>
  <testcase name="testLoginCourierReturnId" classname="ru.yandex.sprint3.LoginCourierTest" time="0.639"/>
  <testcase name="testSystemErrorWithIncorrectPassword" classname="ru.yandex.sprint3.LoginCourierTest" time="0.648"/>
  <testcase name="testNonExistUser" classname="ru.yandex.sprint3.LoginCourierTest" time="0.658"/>
  <testcase name="testAuthWithNullField" classname="ru.yandex.sprint3.LoginCourierTest" time="0.632"/>
  <testcase name="testSystemErrorWithIncorrectLogin" classname="ru.yandex.sprint3.LoginCourierTest" time="0.712"/>
  <testcase name="testSystemErrorWithNullValuePassword" classname="ru.yandex.sprint3.LoginCourierTest" time="60.799">
    <failure message="1 expectation failed.&#10;Expected status code &lt;404&gt; but was &lt;504&gt;.&#10;" type="java.lang.AssertionError"><![CDATA[java.lang.AssertionError: 
1 expectation failed.
Expected status code <404> but was <504>.

	at ru.yandex.sprint3.LoginCourierTest.testSystemErrorWithNullValuePassword(LoginCourierTest.java:203)
]]></failure>
    <system-out><![CDATA[Request method:	POST
Request URI:	https://qa-scooter.praktikum-services.ru/api/v1/courier
Proxy:			<none>
Request params:	<none>
Query params:	<none>
Form params:	<none>
Path params:	<none>
Headers:		Accept=*/*
				Content-Type=application/json
Cookies:		<none>
Multiparts:		<none>
Body:
{
    "login": "nooNAeTFlo",
    "password": "sDQBmuwMNx",
    "firstName": "bRorsWrGps"
}
Request method:	POST
Request URI:	https://qa-scooter.praktikum-services.ru/api/v1/courier
Proxy:			<none>
Request params:	<none>
Query params:	<none>
Form params:	<none>
Path params:	<none>
Headers:		Accept=*/*
				Content-Type=application/json
Cookies:		<none>
Multiparts:		<none>
Body:
{
    "login": "nooNAeTFlo",
    "password": "sDQBmuwMNx",
    "firstName": "bRorsWrGps"
}
Request method:	POST
Request URI:	https://qa-scooter.praktikum-services.ru/api/v1/courier
Proxy:			<none>
Request params:	<none>
Query params:	<none>
Form params:	<none>
Path params:	<none>
Headers:		Accept=*/*
				Content-Type=application/json
Cookies:		<none>
Multiparts:		<none>
Body:
{
    "login": "nooNAeTFlo",
    "password": "sDQBmuwMNx",
    "firstName": "bRorsWrGps"
}
Request method:	POST
Request URI:	https://qa-scooter.praktikum-services.ru/api/v1/courier
Proxy:			<none>
Request params:	<none>
Query params:	<none>
Form params:	<none>
Path params:	<none>
Headers:		Accept=*/*
				Content-Type=application/json
Cookies:		<none>
Multiparts:		<none>
Body:
{
    "login": "nooNAeTFlo",
    "password": "sDQBmuwMNx",
    "firstName": "bRorsWrGps"
}
Request method:	POST
Request URI:	https://qa-scooter.praktikum-services.ru/api/v1/courier
Proxy:			<none>
Request params:	<none>
Query params:	<none>
Form params:	<none>
Path params:	<none>
Headers:		Accept=*/*
				Content-Type=application/json
Cookies:		<none>
Multiparts:		<none>
Body:
{
    "login": "nooNAeTFlo",
    "password": "sDQBmuwMNx",
    "firstName": "bRorsWrGps"
}
Request method:	POST
Request URI:	https://qa-scooter.praktikum-services.ru/api/v1/courier
Proxy:			<none>
Request params:	<none>
Query params:	<none>
Form params:	<none>
Path params:	<none>
Headers:		Accept=*/*
				Content-Type=application/json
Cookies:		<none>
Multiparts:		<none>
Body:
{
    "login": "nooNAeTFlo",
    "password": "sDQBmuwMNx",
    "firstName": "bRorsWrGps"
}
Request method:	POST
Request URI:	https://qa-scooter.praktikum-services.ru/api/v1/courier
Proxy:			<none>
Request params:	<none>
Query params:	<none>
Form params:	<none>
Path params:	<none>
Headers:		Accept=*/*
				Content-Type=application/json
Cookies:		<none>
Multiparts:		<none>
Body:
{
    "login": "nooNAeTFlo",
    "password": "sDQBmuwMNx",
    "firstName": "bRorsWrGps"
}
Request method:	POST
Request URI:	https://qa-scooter.praktikum-services.ru/api/v1/courier
Proxy:			<none>
Request params:	<none>
Query params:	<none>
Form params:	<none>
Path params:	<none>
Headers:		Accept=*/*
				Content-Type=application/json
Cookies:		<none>
Multiparts:		<none>
Body:
{
    "login": "nooNAeTFlo",
    "password": "sDQBmuwMNx",
    "firstName": "bRorsWrGps"
}
Request method:	POST
Request URI:	https://qa-scooter.praktikum-services.ru/api/v1/courier
Proxy:			<none>
Request params:	<none>
Query params:	<none>
Form params:	<none>
Path params:	<none>
Headers:		Accept=*/*
				Content-Type=application/json
Cookies:		<none>
Multiparts:		<none>
Body:
{
    "login": "nooNAeTFlo",
    "password": "sDQBmuwMNx",
    "firstName": "bRorsWrGps"
}
Request method:	POST
Request URI:	https://qa-scooter.praktikum-services.ru/api/v1/courier
Proxy:			<none>
Request params:	<none>
Query params:	<none>
Form params:	<none>
Path params:	<none>
Headers:		Accept=*/*
				Content-Type=application/json
Cookies:		<none>
Multiparts:		<none>
Body:
{
    "login": "nooNAeTFlo",
    "password": "sDQBmuwMNx",
    "firstName": "bRorsWrGps"
}
Request method:	POST
Request URI:	https://qa-scooter.praktikum-services.ru/api/v1/courier
Proxy:			<none>
Request params:	<none>
Query params:	<none>
Form params:	<none>
Path params:	<none>
Headers:		Accept=*/*
				Content-Type=application/json
Cookies:		<none>
Multiparts:		<none>
Body:
{
    "login": "nooNAeTFlo",
    "password": "sDQBmuwMNx",
    "firstName": "bRorsWrGps"
}
Request method:	POST
Request URI:	https://qa-scooter.praktikum-services.ru/api/v1/courier
Proxy:			<none>
Request params:	<none>
Query params:	<none>
Form params:	<none>
Path params:	<none>
Headers:		Accept=*/*
				Content-Type=application/json
Cookies:		<none>
Multiparts:		<none>
Body:
{
    "login": "nooNAeTFlo",
    "password": "sDQBmuwMNx",
    "firstName": "bRorsWrGps"
}
Request method:	POST
Request URI:	https://qa-scooter.praktikum-services.ru/api/v1/courier
Proxy:			<none>
Request params:	<none>
Query params:	<none>
Form params:	<none>
Path params:	<none>
Headers:		Accept=*/*
				Content-Type=application/json
Cookies:		<none>
Multiparts:		<none>
Body:
{
    "login": "nooNAeTFlo",
    "password": "sDQBmuwMNx",
    "firstName": "bRorsWrGps"
}
Request method:	POST
Request URI:	https://qa-scooter.praktikum-services.ru/api/v1/courier
Proxy:			<none>
Request params:	<none>
Query params:	<none>
Form params:	<none>
Path params:	<none>
Headers:		Accept=*/*
				Content-Type=application/json
Cookies:		<none>
Multiparts:		<none>
Body:
{
    "login": "nooNAeTFlo",
    "password": "sDQBmuwMNx",
    "firstName": "bRorsWrGps"
}
Request method:	POST
Request URI:	https://qa-scooter.praktikum-services.ru/api/v1/courier
Proxy:			<none>
Request params:	<none>
Query params:	<none>
Form params:	<none>
Path params:	<none>
Headers:		Accept=*/*
				Content-Type=application/json
Cookies:		<none>
Multiparts:		<none>
Body:
{
    "login": "nooNAeTFlo",
    "password": "sDQBmuwMNx",
    "firstName": "bRorsWrGps"
}
Request method:	POST
Request URI:	https://qa-scooter.praktikum-services.ru/api/v1/courier
Proxy:			<none>
Request params:	<none>
Query params:	<none>
Form params:	<none>
Path params:	<none>
Headers:		Accept=*/*
				Content-Type=application/json
Cookies:		<none>
Multiparts:		<none>
Body:
{
    "login": "nooNAeTFlo",
    "password": "sDQBmuwMNx",
    "firstName": "bRorsWrGps"
}
Request method:	POST
Request URI:	https://qa-scooter.praktikum-services.ru/api/v1/courier
Proxy:			<none>
Request params:	<none>
Query params:	<none>
Form params:	<none>
Path params:	<none>
Headers:		Accept=*/*
				Content-Type=application/json
Cookies:		<none>
Multiparts:		<none>
Body:
{
    "login": "nooNAeTFlo",
    "password": "sDQBmuwMNx",
    "firstName": "bRorsWrGps"
}
Request method:	POST
Request URI:	https://qa-scooter.praktikum-services.ru/api/v1/courier
Proxy:			<none>
Request params:	<none>
Query params:	<none>
Form params:	<none>
Path params:	<none>
Headers:		Accept=*/*
				Content-Type=application/json
Cookies:		<none>
Multiparts:		<none>
Body:
{
    "login": "nooNAeTFlo",
    "password": "sDQBmuwMNx",
    "firstName": "bRorsWrGps"
}
Request method:	POST
Request URI:	https://qa-scooter.praktikum-services.ru/api/v1/courier
Proxy:			<none>
Request params:	<none>
Query params:	<none>
Form params:	<none>
Path params:	<none>
Headers:		Accept=*/*
				Content-Type=application/json
Cookies:		<none>
Multiparts:		<none>
Body:
{
    "login": "nooNAeTFlo",
    "password": "sDQBmuwMNx",
    "firstName": "bRorsWrGps"
}
HTTP/1.1 201 Created
Access-Control-Allow-Origin: *
Content-Length: 11
Content-Type: application/json; charset=utf-8
Date: Sun, 12 Jun 2022 13:43:41 GMT
ETag: W/"b-Ai2R8hgEarLmHKwesT1qcY913ys"
Set-Cookie: _yasc=XsauoQ1f5LVo6NgaZNz6OZ7zCuIsgtR86Rlbuuth5qbGXA==; domain=.praktikum-services.ru; path=/; expires=Tue, 12-Jul-2022 13:43:41 GMT; secure
X-Powered-By: Express
X-Request-Id: 1655041421583379-117300985371298500

{
    "ok": true
}
HTTP/1.1 201 Created
Access-Control-Allow-Origin: *
Content-Length: 11
Content-Type: application/json; charset=utf-8
Date: Sun, 12 Jun 2022 13:43:41 GMT
ETag: W/"b-Ai2R8hgEarLmHKwesT1qcY913ys"
Set-Cookie: _yasc=XsauoQ1f5LVo6NgaZNz6OZ7zCuIsgtR86Rlbuuth5qbGXA==; domain=.praktikum-services.ru; path=/; expires=Tue, 12-Jul-2022 13:43:41 GMT; secure
X-Powered-By: Express
X-Request-Id: 1655041421583379-117300985371298500

{
    "ok": true
}
HTTP/1.1 201 Created
Access-Control-Allow-Origin: *
Content-Length: 11
Content-Type: application/json; charset=utf-8
Date: Sun, 12 Jun 2022 13:43:41 GMT
ETag: W/"b-Ai2R8hgEarLmHKwesT1qcY913ys"
Set-Cookie: _yasc=XsauoQ1f5LVo6NgaZNz6OZ7zCuIsgtR86Rlbuuth5qbGXA==; domain=.praktikum-services.ru; path=/; expires=Tue, 12-Jul-2022 13:43:41 GMT; secure
X-Powered-By: Express
X-Request-Id: 1655041421583379-117300985371298500

{
    "ok": true
}
HTTP/1.1 201 Created
Access-Control-Allow-Origin: *
Content-Length: 11
Content-Type: application/json; charset=utf-8
Date: Sun, 12 Jun 2022 13:43:41 GMT
ETag: W/"b-Ai2R8hgEarLmHKwesT1qcY913ys"
Set-Cookie: _yasc=XsauoQ1f5LVo6NgaZNz6OZ7zCuIsgtR86Rlbuuth5qbGXA==; domain=.praktikum-services.ru; path=/; expires=Tue, 12-Jul-2022 13:43:41 GMT; secure
X-Powered-By: Express
X-Request-Id: 1655041421583379-117300985371298500

{
    "ok": true
}
HTTP/1.1 201 Created
Access-Control-Allow-Origin: *
Content-Length: 11
Content-Type: application/json; charset=utf-8
Date: Sun, 12 Jun 2022 13:43:41 GMT
ETag: W/"b-Ai2R8hgEarLmHKwesT1qcY913ys"
Set-Cookie: _yasc=XsauoQ1f5LVo6NgaZNz6OZ7zCuIsgtR86Rlbuuth5qbGXA==; domain=.praktikum-services.ru; path=/; expires=Tue, 12-Jul-2022 13:43:41 GMT; secure
X-Powered-By: Express
X-Request-Id: 1655041421583379-117300985371298500

{
    "ok": true
}
HTTP/1.1 201 Created
Access-Control-Allow-Origin: *
Content-Length: 11
Content-Type: application/json; charset=utf-8
Date: Sun, 12 Jun 2022 13:43:41 GMT
ETag: W/"b-Ai2R8hgEarLmHKwesT1qcY913ys"
Set-Cookie: _yasc=XsauoQ1f5LVo6NgaZNz6OZ7zCuIsgtR86Rlbuuth5qbGXA==; domain=.praktikum-services.ru; path=/; expires=Tue, 12-Jul-2022 13:43:41 GMT; secure
X-Powered-By: Express
X-Request-Id: 1655041421583379-117300985371298500

{
    "ok": true
}
HTTP/1.1 201 Created
Access-Control-Allow-Origin: *
Content-Length: 11
Content-Type: application/json; charset=utf-8
Date: Sun, 12 Jun 2022 13:43:41 GMT
ETag: W/"b-Ai2R8hgEarLmHKwesT1qcY913ys"
Set-Cookie: _yasc=XsauoQ1f5LVo6NgaZNz6OZ7zCuIsgtR86Rlbuuth5qbGXA==; domain=.praktikum-services.ru; path=/; expires=Tue, 12-Jul-2022 13:43:41 GMT; secure
X-Powered-By: Express
X-Request-Id: 1655041421583379-117300985371298500

{
    "ok": true
}
HTTP/1.1 201 Created
Access-Control-Allow-Origin: *
Content-Length: 11
Content-Type: application/json; charset=utf-8
Date: Sun, 12 Jun 2022 13:43:41 GMT
ETag: W/"b-Ai2R8hgEarLmHKwesT1qcY913ys"
Set-Cookie: _yasc=XsauoQ1f5LVo6NgaZNz6OZ7zCuIsgtR86Rlbuuth5qbGXA==; domain=.praktikum-services.ru; path=/; expires=Tue, 12-Jul-2022 13:43:41 GMT; secure
X-Powered-By: Express
X-Request-Id: 1655041421583379-117300985371298500

{
    "ok": true
}
HTTP/1.1 201 Created
Access-Control-Allow-Origin: *
Content-Length: 11
Content-Type: application/json; charset=utf-8
Date: Sun, 12 Jun 2022 13:43:41 GMT
ETag: W/"b-Ai2R8hgEarLmHKwesT1qcY913ys"
Set-Cookie: _yasc=XsauoQ1f5LVo6NgaZNz6OZ7zCuIsgtR86Rlbuuth5qbGXA==; domain=.praktikum-services.ru; path=/; expires=Tue, 12-Jul-2022 13:43:41 GMT; secure
X-Powered-By: Express
X-Request-Id: 1655041421583379-117300985371298500

{
    "ok": true
}
HTTP/1.1 201 Created
Access-Control-Allow-Origin: *
Content-Length: 11
Content-Type: application/json; charset=utf-8
Date: Sun, 12 Jun 2022 13:43:41 GMT
ETag: W/"b-Ai2R8hgEarLmHKwesT1qcY913ys"
Set-Cookie: _yasc=XsauoQ1f5LVo6NgaZNz6OZ7zCuIsgtR86Rlbuuth5qbGXA==; domain=.praktikum-services.ru; path=/; expires=Tue, 12-Jul-2022 13:43:41 GMT; secure
X-Powered-By: Express
X-Request-Id: 1655041421583379-117300985371298500

{
    "ok": true
}
HTTP/1.1 201 Created
Access-Control-Allow-Origin: *
Content-Length: 11
Content-Type: application/json; charset=utf-8
Date: Sun, 12 Jun 2022 13:43:41 GMT
ETag: W/"b-Ai2R8hgEarLmHKwesT1qcY913ys"
Set-Cookie: _yasc=XsauoQ1f5LVo6NgaZNz6OZ7zCuIsgtR86Rlbuuth5qbGXA==; domain=.praktikum-services.ru; path=/; expires=Tue, 12-Jul-2022 13:43:41 GMT; secure
X-Powered-By: Express
X-Request-Id: 1655041421583379-117300985371298500

{
    "ok": true
}
HTTP/1.1 201 Created
Access-Control-Allow-Origin: *
Content-Length: 11
Content-Type: application/json; charset=utf-8
Date: Sun, 12 Jun 2022 13:43:41 GMT
ETag: W/"b-Ai2R8hgEarLmHKwesT1qcY913ys"
Set-Cookie: _yasc=XsauoQ1f5LVo6NgaZNz6OZ7zCuIsgtR86Rlbuuth5qbGXA==; domain=.praktikum-services.ru; path=/; expires=Tue, 12-Jul-2022 13:43:41 GMT; secure
X-Powered-By: Express
X-Request-Id: 1655041421583379-117300985371298500

{
    "ok": true
}
HTTP/1.1 201 Created
Access-Control-Allow-Origin: *
Content-Length: 11
Content-Type: application/json; charset=utf-8
Date: Sun, 12 Jun 2022 13:43:41 GMT
ETag: W/"b-Ai2R8hgEarLmHKwesT1qcY913ys"
Set-Cookie: _yasc=XsauoQ1f5LVo6NgaZNz6OZ7zCuIsgtR86Rlbuuth5qbGXA==; domain=.praktikum-services.ru; path=/; expires=Tue, 12-Jul-2022 13:43:41 GMT; secure
X-Powered-By: Express
X-Request-Id: 1655041421583379-117300985371298500

{
    "ok": true
}
HTTP/1.1 201 Created
Access-Control-Allow-Origin: *
Content-Length: 11
Content-Type: application/json; charset=utf-8
Date: Sun, 12 Jun 2022 13:43:41 GMT
ETag: W/"b-Ai2R8hgEarLmHKwesT1qcY913ys"
Set-Cookie: _yasc=XsauoQ1f5LVo6NgaZNz6OZ7zCuIsgtR86Rlbuuth5qbGXA==; domain=.praktikum-services.ru; path=/; expires=Tue, 12-Jul-2022 13:43:41 GMT; secure
X-Powered-By: Express
X-Request-Id: 1655041421583379-117300985371298500

{
    "ok": true
}
HTTP/1.1 201 Created
Access-Control-Allow-Origin: *
Content-Length: 11
Content-Type: application/json; charset=utf-8
Date: Sun, 12 Jun 2022 13:43:41 GMT
ETag: W/"b-Ai2R8hgEarLmHKwesT1qcY913ys"
Set-Cookie: _yasc=XsauoQ1f5LVo6NgaZNz6OZ7zCuIsgtR86Rlbuuth5qbGXA==; domain=.praktikum-services.ru; path=/; expires=Tue, 12-Jul-2022 13:43:41 GMT; secure
X-Powered-By: Express
X-Request-Id: 1655041421583379-117300985371298500

{
    "ok": true
}
HTTP/1.1 201 Created
Access-Control-Allow-Origin: *
Content-Length: 11
Content-Type: application/json; charset=utf-8
Date: Sun, 12 Jun 2022 13:43:41 GMT
ETag: W/"b-Ai2R8hgEarLmHKwesT1qcY913ys"
Set-Cookie: _yasc=XsauoQ1f5LVo6NgaZNz6OZ7zCuIsgtR86Rlbuuth5qbGXA==; domain=.praktikum-services.ru; path=/; expires=Tue, 12-Jul-2022 13:43:41 GMT; secure
X-Powered-By: Express
X-Request-Id: 1655041421583379-117300985371298500

{
    "ok": true
}
HTTP/1.1 201 Created
Access-Control-Allow-Origin: *
Content-Length: 11
Content-Type: application/json; charset=utf-8
Date: Sun, 12 Jun 2022 13:43:41 GMT
ETag: W/"b-Ai2R8hgEarLmHKwesT1qcY913ys"
Set-Cookie: _yasc=XsauoQ1f5LVo6NgaZNz6OZ7zCuIsgtR86Rlbuuth5qbGXA==; domain=.praktikum-services.ru; path=/; expires=Tue, 12-Jul-2022 13:43:41 GMT; secure
X-Powered-By: Express
X-Request-Id: 1655041421583379-117300985371298500

{
    "ok": true
}
HTTP/1.1 201 Created
Access-Control-Allow-Origin: *
Content-Length: 11
Content-Type: application/json; charset=utf-8
Date: Sun, 12 Jun 2022 13:43:41 GMT
ETag: W/"b-Ai2R8hgEarLmHKwesT1qcY913ys"
Set-Cookie: _yasc=XsauoQ1f5LVo6NgaZNz6OZ7zCuIsgtR86Rlbuuth5qbGXA==; domain=.praktikum-services.ru; path=/; expires=Tue, 12-Jul-2022 13:43:41 GMT; secure
X-Powered-By: Express
X-Request-Id: 1655041421583379-117300985371298500

{
    "ok": true
}
HTTP/1.1 201 Created
Access-Control-Allow-Origin: *
Content-Length: 11
Content-Type: application/json; charset=utf-8
Date: Sun, 12 Jun 2022 13:43:41 GMT
ETag: W/"b-Ai2R8hgEarLmHKwesT1qcY913ys"
Set-Cookie: _yasc=XsauoQ1f5LVo6NgaZNz6OZ7zCuIsgtR86Rlbuuth5qbGXA==; domain=.praktikum-services.ru; path=/; expires=Tue, 12-Jul-2022 13:43:41 GMT; secure
X-Powered-By: Express
X-Request-Id: 1655041421583379-117300985371298500

{
    "ok": true
}
Request method:	POST
Request URI:	http://qa-scooter.praktikum-services.ru/api/v1/courier/login
Proxy:			<none>
Request params:	<none>
Query params:	<none>
Form params:	<none>
Path params:	<none>
Headers:		Accept=*/*
				Content-Type=application/json
Cookies:		<none>
Multiparts:		<none>
Body:
{
    "login": "nooNAeTFlo",
    "password": "sDQBmuwMNx",
    "id": 0
}
Request method:	POST
Request URI:	http://qa-scooter.praktikum-services.ru/api/v1/courier/login
Proxy:			<none>
Request params:	<none>
Query params:	<none>
Form params:	<none>
Path params:	<none>
Headers:		Accept=*/*
				Content-Type=application/json
Cookies:		<none>
Multiparts:		<none>
Body:
{
    "login": "nooNAeTFlo",
    "password": "sDQBmuwMNx",
    "id": 0
}
Request method:	POST
Request URI:	http://qa-scooter.praktikum-services.ru/api/v1/courier/login
Proxy:			<none>
Request params:	<none>
Query params:	<none>
Form params:	<none>
Path params:	<none>
Headers:		Accept=*/*
				Content-Type=application/json
Cookies:		<none>
Multiparts:		<none>
Body:
{
    "login": "nooNAeTFlo",
    "password": "sDQBmuwMNx",
    "id": 0
}
Request method:	POST
Request URI:	http://qa-scooter.praktikum-services.ru/api/v1/courier/login
Proxy:			<none>
Request params:	<none>
Query params:	<none>
Form params:	<none>
Path params:	<none>
Headers:		Accept=*/*
				Content-Type=application/json
Cookies:		<none>
Multiparts:		<none>
Body:
{
    "login": "nooNAeTFlo",
    "password": "sDQBmuwMNx",
    "id": 0
}
Request method:	POST
Request URI:	http://qa-scooter.praktikum-services.ru/api/v1/courier/login
Proxy:			<none>
Request params:	<none>
Query params:	<none>
Form params:	<none>
Path params:	<none>
Headers:		Accept=*/*
				Content-Type=application/json
Cookies:		<none>
Multiparts:		<none>
Body:
{
    "login": "nooNAeTFlo",
    "password": "sDQBmuwMNx",
    "id": 0
}
Request method:	POST
Request URI:	http://qa-scooter.praktikum-services.ru/api/v1/courier/login
Proxy:			<none>
Request params:	<none>
Query params:	<none>
Form params:	<none>
Path params:	<none>
Headers:		Accept=*/*
				Content-Type=application/json
Cookies:		<none>
Multiparts:		<none>
Body:
{
    "login": "nooNAeTFlo",
    "password": "sDQBmuwMNx",
    "id": 0
}
Request method:	POST
Request URI:	http://qa-scooter.praktikum-services.ru/api/v1/courier/login
Proxy:			<none>
Request params:	<none>
Query params:	<none>
Form params:	<none>
Path params:	<none>
Headers:		Accept=*/*
				Content-Type=application/json
Cookies:		<none>
Multiparts:		<none>
Body:
{
    "login": "nooNAeTFlo",
    "password": "sDQBmuwMNx",
    "id": 0
}
Request method:	POST
Request URI:	http://qa-scooter.praktikum-services.ru/api/v1/courier/login
Proxy:			<none>
Request params:	<none>
Query params:	<none>
Form params:	<none>
Path params:	<none>
Headers:		Accept=*/*
				Content-Type=application/json
Cookies:		<none>
Multiparts:		<none>
Body:
{
    "login": "nooNAeTFlo",
    "password": "sDQBmuwMNx",
    "id": 0
}
Request method:	POST
Request URI:	http://qa-scooter.praktikum-services.ru/api/v1/courier/login
Proxy:			<none>
Request params:	<none>
Query params:	<none>
Form params:	<none>
Path params:	<none>
Headers:		Accept=*/*
				Content-Type=application/json
Cookies:		<none>
Multiparts:		<none>
Body:
{
    "login": "nooNAeTFlo",
    "password": "sDQBmuwMNx",
    "id": 0
}
Request method:	POST
Request URI:	http://qa-scooter.praktikum-services.ru/api/v1/courier/login
Proxy:			<none>
Request params:	<none>
Query params:	<none>
Form params:	<none>
Path params:	<none>
Headers:		Accept=*/*
				Content-Type=application/json
Cookies:		<none>
Multiparts:		<none>
Body:
{
    "login": "nooNAeTFlo",
    "password": "sDQBmuwMNx",
    "id": 0
}
Request method:	POST
Request URI:	http://qa-scooter.praktikum-services.ru/api/v1/courier/login
Proxy:			<none>
Request params:	<none>
Query params:	<none>
Form params:	<none>
Path params:	<none>
Headers:		Accept=*/*
				Content-Type=application/json
Cookies:		<none>
Multiparts:		<none>
Body:
{
    "login": "nooNAeTFlo",
    "password": "sDQBmuwMNx",
    "id": 0
}
Request method:	POST
Request URI:	http://qa-scooter.praktikum-services.ru/api/v1/courier/login
Proxy:			<none>
Request params:	<none>
Query params:	<none>
Form params:	<none>
Path params:	<none>
Headers:		Accept=*/*
				Content-Type=application/json
Cookies:		<none>
Multiparts:		<none>
Body:
{
    "login": "nooNAeTFlo",
    "password": "sDQBmuwMNx",
    "id": 0
}
Request method:	POST
Request URI:	http://qa-scooter.praktikum-services.ru/api/v1/courier/login
Proxy:			<none>
Request params:	<none>
Query params:	<none>
Form params:	<none>
Path params:	<none>
Headers:		Accept=*/*
				Content-Type=application/json
Cookies:		<none>
Multiparts:		<none>
Body:
{
    "login": "nooNAeTFlo",
    "password": "sDQBmuwMNx",
    "id": 0
}
Request method:	POST
Request URI:	http://qa-scooter.praktikum-services.ru/api/v1/courier/login
Proxy:			<none>
Request params:	<none>
Query params:	<none>
Form params:	<none>
Path params:	<none>
Headers:		Accept=*/*
				Content-Type=application/json
Cookies:		<none>
Multiparts:		<none>
Body:
{
    "login": "nooNAeTFlo",
    "password": "sDQBmuwMNx",
    "id": 0
}
Request method:	POST
Request URI:	http://qa-scooter.praktikum-services.ru/api/v1/courier/login
Proxy:			<none>
Request params:	<none>
Query params:	<none>
Form params:	<none>
Path params:	<none>
Headers:		Accept=*/*
				Content-Type=application/json
Cookies:		<none>
Multiparts:		<none>
Body:
{
    "login": "nooNAeTFlo",
    "password": "sDQBmuwMNx",
    "id": 0
}
Request method:	POST
Request URI:	http://qa-scooter.praktikum-services.ru/api/v1/courier/login
Proxy:			<none>
Request params:	<none>
Query params:	<none>
Form params:	<none>
Path params:	<none>
Headers:		Accept=*/*
				Content-Type=application/json
Cookies:		<none>
Multiparts:		<none>
Body:
{
    "login": "nooNAeTFlo",
    "password": "sDQBmuwMNx",
    "id": 0
}
Request method:	POST
Request URI:	http://qa-scooter.praktikum-services.ru/api/v1/courier/login
Proxy:			<none>
Request params:	<none>
Query params:	<none>
Form params:	<none>
Path params:	<none>
Headers:		Accept=*/*
				Content-Type=application/json
Cookies:		<none>
Multiparts:		<none>
Body:
{
    "login": "nooNAeTFlo",
    "password": "sDQBmuwMNx",
    "id": 0
}
Request method:	POST
Request URI:	http://qa-scooter.praktikum-services.ru/api/v1/courier/login
Proxy:			<none>
Request params:	<none>
Query params:	<none>
Form params:	<none>
Path params:	<none>
Headers:		Accept=*/*
				Content-Type=application/json
Cookies:		<none>
Multiparts:		<none>
Body:
{
    "login": "nooNAeTFlo",
    "password": "sDQBmuwMNx",
    "id": 0
}
Request method:	POST
Request URI:	http://qa-scooter.praktikum-services.ru/api/v1/courier/login
Proxy:			<none>
Request params:	<none>
Query params:	<none>
Form params:	<none>
Path params:	<none>
Headers:		Accept=*/*
				Content-Type=application/json
Cookies:		<none>
Multiparts:		<none>
Body:
{
    "login": "nooNAeTFlo",
    "password": "sDQBmuwMNx",
    "id": 0
}
HTTP/1.1 200 OK
Access-Control-Allow-Origin: *
Content-Length: 12
Content-Type: application/json; charset=utf-8
Date: Sun, 12 Jun 2022 13:43:41 GMT
ETag: W/"c-R7oCs4beBn77sesDxphVWHcStvs"
Set-Cookie: _yasc=2hvTdtXD6jHEVhkeSdCAnMHmdWAa7wNZSflJB5DGJJ6+bg==; domain=.praktikum-services.ru; path=/; expires=Tue, 12-Jul-2022 13:43:41 GMT; secure
X-Powered-By: Express
X-Request-Id: 1655041421701199-7986891474141052131

{
    "id": 80577
}
HTTP/1.1 200 OK
Access-Control-Allow-Origin: *
Content-Length: 12
Content-Type: application/json; charset=utf-8
Date: Sun, 12 Jun 2022 13:43:41 GMT
ETag: W/"c-R7oCs4beBn77sesDxphVWHcStvs"
Set-Cookie: _yasc=2hvTdtXD6jHEVhkeSdCAnMHmdWAa7wNZSflJB5DGJJ6+bg==; domain=.praktikum-services.ru; path=/; expires=Tue, 12-Jul-2022 13:43:41 GMT; secure
X-Powered-By: Express
X-Request-Id: 1655041421701199-7986891474141052131

{
    "id": 80577
}
HTTP/1.1 200 OK
Access-Control-Allow-Origin: *
Content-Length: 12
Content-Type: application/json; charset=utf-8
Date: Sun, 12 Jun 2022 13:43:41 GMT
ETag: W/"c-R7oCs4beBn77sesDxphVWHcStvs"
Set-Cookie: _yasc=2hvTdtXD6jHEVhkeSdCAnMHmdWAa7wNZSflJB5DGJJ6+bg==; domain=.praktikum-services.ru; path=/; expires=Tue, 12-Jul-2022 13:43:41 GMT; secure
X-Powered-By: Express
X-Request-Id: 1655041421701199-7986891474141052131

{
    "id": 80577
}
HTTP/1.1 200 OK
Access-Control-Allow-Origin: *
Content-Length: 12
Content-Type: application/json; charset=utf-8
Date: Sun, 12 Jun 2022 13:43:41 GMT
ETag: W/"c-R7oCs4beBn77sesDxphVWHcStvs"
Set-Cookie: _yasc=2hvTdtXD6jHEVhkeSdCAnMHmdWAa7wNZSflJB5DGJJ6+bg==; domain=.praktikum-services.ru; path=/; expires=Tue, 12-Jul-2022 13:43:41 GMT; secure
X-Powered-By: Express
X-Request-Id: 1655041421701199-7986891474141052131

{
    "id": 80577
}
HTTP/1.1 200 OK
Access-Control-Allow-Origin: *
Content-Length: 12
Content-Type: application/json; charset=utf-8
Date: Sun, 12 Jun 2022 13:43:41 GMT
ETag: W/"c-R7oCs4beBn77sesDxphVWHcStvs"
Set-Cookie: _yasc=2hvTdtXD6jHEVhkeSdCAnMHmdWAa7wNZSflJB5DGJJ6+bg==; domain=.praktikum-services.ru; path=/; expires=Tue, 12-Jul-2022 13:43:41 GMT; secure
X-Powered-By: Express
X-Request-Id: 1655041421701199-7986891474141052131

{
    "id": 80577
}
HTTP/1.1 200 OK
Access-Control-Allow-Origin: *
Content-Length: 12
Content-Type: application/json; charset=utf-8
Date: Sun, 12 Jun 2022 13:43:41 GMT
ETag: W/"c-R7oCs4beBn77sesDxphVWHcStvs"
Set-Cookie: _yasc=2hvTdtXD6jHEVhkeSdCAnMHmdWAa7wNZSflJB5DGJJ6+bg==; domain=.praktikum-services.ru; path=/; expires=Tue, 12-Jul-2022 13:43:41 GMT; secure
X-Powered-By: Express
X-Request-Id: 1655041421701199-7986891474141052131

{
    "id": 80577
}
HTTP/1.1 200 OK
Access-Control-Allow-Origin: *
Content-Length: 12
Content-Type: application/json; charset=utf-8
Date: Sun, 12 Jun 2022 13:43:41 GMT
ETag: W/"c-R7oCs4beBn77sesDxphVWHcStvs"
Set-Cookie: _yasc=2hvTdtXD6jHEVhkeSdCAnMHmdWAa7wNZSflJB5DGJJ6+bg==; domain=.praktikum-services.ru; path=/; expires=Tue, 12-Jul-2022 13:43:41 GMT; secure
X-Powered-By: Express
X-Request-Id: 1655041421701199-7986891474141052131

{
    "id": 80577
}
HTTP/1.1 200 OK
Access-Control-Allow-Origin: *
Content-Length: 12
Content-Type: application/json; charset=utf-8
Date: Sun, 12 Jun 2022 13:43:41 GMT
ETag: W/"c-R7oCs4beBn77sesDxphVWHcStvs"
Set-Cookie: _yasc=2hvTdtXD6jHEVhkeSdCAnMHmdWAa7wNZSflJB5DGJJ6+bg==; domain=.praktikum-services.ru; path=/; expires=Tue, 12-Jul-2022 13:43:41 GMT; secure
X-Powered-By: Express
X-Request-Id: 1655041421701199-7986891474141052131

{
    "id": 80577
}
HTTP/1.1 200 OK
Access-Control-Allow-Origin: *
Content-Length: 12
Content-Type: application/json; charset=utf-8
Date: Sun, 12 Jun 2022 13:43:41 GMT
ETag: W/"c-R7oCs4beBn77sesDxphVWHcStvs"
Set-Cookie: _yasc=2hvTdtXD6jHEVhkeSdCAnMHmdWAa7wNZSflJB5DGJJ6+bg==; domain=.praktikum-services.ru; path=/; expires=Tue, 12-Jul-2022 13:43:41 GMT; secure
X-Powered-By: Express
X-Request-Id: 1655041421701199-7986891474141052131

{
    "id": 80577
}
HTTP/1.1 200 OK
Access-Control-Allow-Origin: *
Content-Length: 12
Content-Type: application/json; charset=utf-8
Date: Sun, 12 Jun 2022 13:43:41 GMT
ETag: W/"c-R7oCs4beBn77sesDxphVWHcStvs"
Set-Cookie: _yasc=2hvTdtXD6jHEVhkeSdCAnMHmdWAa7wNZSflJB5DGJJ6+bg==; domain=.praktikum-services.ru; path=/; expires=Tue, 12-Jul-2022 13:43:41 GMT; secure
X-Powered-By: Express
X-Request-Id: 1655041421701199-7986891474141052131

{
    "id": 80577
}
HTTP/1.1 200 OK
Access-Control-Allow-Origin: *
Content-Length: 12
Content-Type: application/json; charset=utf-8
Date: Sun, 12 Jun 2022 13:43:41 GMT
ETag: W/"c-R7oCs4beBn77sesDxphVWHcStvs"
Set-Cookie: _yasc=2hvTdtXD6jHEVhkeSdCAnMHmdWAa7wNZSflJB5DGJJ6+bg==; domain=.praktikum-services.ru; path=/; expires=Tue, 12-Jul-2022 13:43:41 GMT; secure
X-Powered-By: Express
X-Request-Id: 1655041421701199-7986891474141052131

{
    "id": 80577
}
HTTP/1.1 200 OK
Access-Control-Allow-Origin: *
Content-Length: 12
Content-Type: application/json; charset=utf-8
Date: Sun, 12 Jun 2022 13:43:41 GMT
ETag: W/"c-R7oCs4beBn77sesDxphVWHcStvs"
Set-Cookie: _yasc=2hvTdtXD6jHEVhkeSdCAnMHmdWAa7wNZSflJB5DGJJ6+bg==; domain=.praktikum-services.ru; path=/; expires=Tue, 12-Jul-2022 13:43:41 GMT; secure
X-Powered-By: Express
X-Request-Id: 1655041421701199-7986891474141052131

{
    "id": 80577
}
HTTP/1.1 200 OK
Access-Control-Allow-Origin: *
Content-Length: 12
Content-Type: application/json; charset=utf-8
Date: Sun, 12 Jun 2022 13:43:41 GMT
ETag: W/"c-R7oCs4beBn77sesDxphVWHcStvs"
Set-Cookie: _yasc=2hvTdtXD6jHEVhkeSdCAnMHmdWAa7wNZSflJB5DGJJ6+bg==; domain=.praktikum-services.ru; path=/; expires=Tue, 12-Jul-2022 13:43:41 GMT; secure
X-Powered-By: Express
X-Request-Id: 1655041421701199-7986891474141052131

{
    "id": 80577
}
HTTP/1.1 200 OK
Access-Control-Allow-Origin: *
Content-Length: 12
Content-Type: application/json; charset=utf-8
Date: Sun, 12 Jun 2022 13:43:41 GMT
ETag: W/"c-R7oCs4beBn77sesDxphVWHcStvs"
Set-Cookie: _yasc=2hvTdtXD6jHEVhkeSdCAnMHmdWAa7wNZSflJB5DGJJ6+bg==; domain=.praktikum-services.ru; path=/; expires=Tue, 12-Jul-2022 13:43:41 GMT; secure
X-Powered-By: Express
X-Request-Id: 1655041421701199-7986891474141052131

{
    "id": 80577
}
HTTP/1.1 200 OK
Access-Control-Allow-Origin: *
Content-Length: 12
Content-Type: application/json; charset=utf-8
Date: Sun, 12 Jun 2022 13:43:41 GMT
ETag: W/"c-R7oCs4beBn77sesDxphVWHcStvs"
Set-Cookie: _yasc=2hvTdtXD6jHEVhkeSdCAnMHmdWAa7wNZSflJB5DGJJ6+bg==; domain=.praktikum-services.ru; path=/; expires=Tue, 12-Jul-2022 13:43:41 GMT; secure
X-Powered-By: Express
X-Request-Id: 1655041421701199-7986891474141052131

{
    "id": 80577
}
HTTP/1.1 200 OK
Access-Control-Allow-Origin: *
Content-Length: 12
Content-Type: application/json; charset=utf-8
Date: Sun, 12 Jun 2022 13:43:41 GMT
ETag: W/"c-R7oCs4beBn77sesDxphVWHcStvs"
Set-Cookie: _yasc=2hvTdtXD6jHEVhkeSdCAnMHmdWAa7wNZSflJB5DGJJ6+bg==; domain=.praktikum-services.ru; path=/; expires=Tue, 12-Jul-2022 13:43:41 GMT; secure
X-Powered-By: Express
X-Request-Id: 1655041421701199-7986891474141052131

{
    "id": 80577
}
HTTP/1.1 200 OK
Access-Control-Allow-Origin: *
Content-Length: 12
Content-Type: application/json; charset=utf-8
Date: Sun, 12 Jun 2022 13:43:41 GMT
ETag: W/"c-R7oCs4beBn77sesDxphVWHcStvs"
Set-Cookie: _yasc=2hvTdtXD6jHEVhkeSdCAnMHmdWAa7wNZSflJB5DGJJ6+bg==; domain=.praktikum-services.ru; path=/; expires=Tue, 12-Jul-2022 13:43:41 GMT; secure
X-Powered-By: Express
X-Request-Id: 1655041421701199-7986891474141052131

{
    "id": 80577
}
HTTP/1.1 200 OK
Access-Control-Allow-Origin: *
Content-Length: 12
Content-Type: application/json; charset=utf-8
Date: Sun, 12 Jun 2022 13:43:41 GMT
ETag: W/"c-R7oCs4beBn77sesDxphVWHcStvs"
Set-Cookie: _yasc=2hvTdtXD6jHEVhkeSdCAnMHmdWAa7wNZSflJB5DGJJ6+bg==; domain=.praktikum-services.ru; path=/; expires=Tue, 12-Jul-2022 13:43:41 GMT; secure
X-Powered-By: Express
X-Request-Id: 1655041421701199-7986891474141052131

{
    "id": 80577
}
HTTP/1.1 200 OK
Access-Control-Allow-Origin: *
Content-Length: 12
Content-Type: application/json; charset=utf-8
Date: Sun, 12 Jun 2022 13:43:41 GMT
ETag: W/"c-R7oCs4beBn77sesDxphVWHcStvs"
Set-Cookie: _yasc=2hvTdtXD6jHEVhkeSdCAnMHmdWAa7wNZSflJB5DGJJ6+bg==; domain=.praktikum-services.ru; path=/; expires=Tue, 12-Jul-2022 13:43:41 GMT; secure
X-Powered-By: Express
X-Request-Id: 1655041421701199-7986891474141052131

{
    "id": 80577
}
80577
????: ??????? ?????? ??????, ????  ?? ??????? ????? ??? ??????
????????? - ?????? = NULL
Request method:	POST
Request URI:	http://qa-scooter.praktikum-services.ru/api/v1/courier/login
Proxy:			<none>
Request params:	<none>
Query params:	<none>
Form params:	<none>
Path params:	<none>
Headers:		Accept=*/*
				Content-Type=application/json
Cookies:		<none>
Multiparts:		<none>
Body:
{
    "login": "nooNAeTFlo",
    "password": null,
    "id": 0
}
Request method:	POST
Request URI:	http://qa-scooter.praktikum-services.ru/api/v1/courier/login
Proxy:			<none>
Request params:	<none>
Query params:	<none>
Form params:	<none>
Path params:	<none>
Headers:		Accept=*/*
				Content-Type=application/json
Cookies:		<none>
Multiparts:		<none>
Body:
{
    "login": "nooNAeTFlo",
    "password": null,
    "id": 0
}
Request method:	POST
Request URI:	http://qa-scooter.praktikum-services.ru/api/v1/courier/login
Proxy:			<none>
Request params:	<none>
Query params:	<none>
Form params:	<none>
Path params:	<none>
Headers:		Accept=*/*
				Content-Type=application/json
Cookies:		<none>
Multiparts:		<none>
Body:
{
    "login": "nooNAeTFlo",
    "password": null,
    "id": 0
}
Request method:	POST
Request URI:	http://qa-scooter.praktikum-services.ru/api/v1/courier/login
Proxy:			<none>
Request params:	<none>
Query params:	<none>
Form params:	<none>
Path params:	<none>
Headers:		Accept=*/*
				Content-Type=application/json
Cookies:		<none>
Multiparts:		<none>
Body:
{
    "login": "nooNAeTFlo",
    "password": null,
    "id": 0
}
Request method:	POST
Request URI:	http://qa-scooter.praktikum-services.ru/api/v1/courier/login
Proxy:			<none>
Request params:	<none>
Query params:	<none>
Form params:	<none>
Path params:	<none>
Headers:		Accept=*/*
				Content-Type=application/json
Cookies:		<none>
Multiparts:		<none>
Body:
{
    "login": "nooNAeTFlo",
    "password": null,
    "id": 0
}
Request method:	POST
Request URI:	http://qa-scooter.praktikum-services.ru/api/v1/courier/login
Proxy:			<none>
Request params:	<none>
Query params:	<none>
Form params:	<none>
Path params:	<none>
Headers:		Accept=*/*
				Content-Type=application/json
Cookies:		<none>
Multiparts:		<none>
Body:
{
    "login": "nooNAeTFlo",
    "password": null,
    "id": 0
}
Request method:	POST
Request URI:	http://qa-scooter.praktikum-services.ru/api/v1/courier/login
Proxy:			<none>
Request params:	<none>
Query params:	<none>
Form params:	<none>
Path params:	<none>
Headers:		Accept=*/*
				Content-Type=application/json
Cookies:		<none>
Multiparts:		<none>
Body:
{
    "login": "nooNAeTFlo",
    "password": null,
    "id": 0
}
Request method:	POST
Request URI:	http://qa-scooter.praktikum-services.ru/api/v1/courier/login
Proxy:			<none>
Request params:	<none>
Query params:	<none>
Form params:	<none>
Path params:	<none>
Headers:		Accept=*/*
				Content-Type=application/json
Cookies:		<none>
Multiparts:		<none>
Body:
{
    "login": "nooNAeTFlo",
    "password": null,
    "id": 0
}
Request method:	POST
Request URI:	http://qa-scooter.praktikum-services.ru/api/v1/courier/login
Proxy:			<none>
Request params:	<none>
Query params:	<none>
Form params:	<none>
Path params:	<none>
Headers:		Accept=*/*
				Content-Type=application/json
Cookies:		<none>
Multiparts:		<none>
Body:
{
    "login": "nooNAeTFlo",
    "password": null,
    "id": 0
}
Request method:	POST
Request URI:	http://qa-scooter.praktikum-services.ru/api/v1/courier/login
Proxy:			<none>
Request params:	<none>
Query params:	<none>
Form params:	<none>
Path params:	<none>
Headers:		Accept=*/*
				Content-Type=application/json
Cookies:		<none>
Multiparts:		<none>
Body:
{
    "login": "nooNAeTFlo",
    "password": null,
    "id": 0
}
Request method:	POST
Request URI:	http://qa-scooter.praktikum-services.ru/api/v1/courier/login
Proxy:			<none>
Request params:	<none>
Query params:	<none>
Form params:	<none>
Path params:	<none>
Headers:		Accept=*/*
				Content-Type=application/json
Cookies:		<none>
Multiparts:		<none>
Body:
{
    "login": "nooNAeTFlo",
    "password": null,
    "id": 0
}
Request method:	POST
Request URI:	http://qa-scooter.praktikum-services.ru/api/v1/courier/login
Proxy:			<none>
Request params:	<none>
Query params:	<none>
Form params:	<none>
Path params:	<none>
Headers:		Accept=*/*
				Content-Type=application/json
Cookies:		<none>
Multiparts:		<none>
Body:
{
    "login": "nooNAeTFlo",
    "password": null,
    "id": 0
}
Request method:	POST
Request URI:	http://qa-scooter.praktikum-services.ru/api/v1/courier/login
Proxy:			<none>
Request params:	<none>
Query params:	<none>
Form params:	<none>
Path params:	<none>
Headers:		Accept=*/*
				Content-Type=application/json
Cookies:		<none>
Multiparts:		<none>
Body:
{
    "login": "nooNAeTFlo",
    "password": null,
    "id": 0
}
Request method:	POST
Request URI:	http://qa-scooter.praktikum-services.ru/api/v1/courier/login
Proxy:			<none>
Request params:	<none>
Query params:	<none>
Form params:	<none>
Path params:	<none>
Headers:		Accept=*/*
				Content-Type=application/json
Cookies:		<none>
Multiparts:		<none>
Body:
{
    "login": "nooNAeTFlo",
    "password": null,
    "id": 0
}
Request method:	POST
Request URI:	http://qa-scooter.praktikum-services.ru/api/v1/courier/login
Proxy:			<none>
Request params:	<none>
Query params:	<none>
Form params:	<none>
Path params:	<none>
Headers:		Accept=*/*
				Content-Type=application/json
Cookies:		<none>
Multiparts:		<none>
Body:
{
    "login": "nooNAeTFlo",
    "password": null,
    "id": 0
}
Request method:	POST
Request URI:	http://qa-scooter.praktikum-services.ru/api/v1/courier/login
Proxy:			<none>
Request params:	<none>
Query params:	<none>
Form params:	<none>
Path params:	<none>
Headers:		Accept=*/*
				Content-Type=application/json
Cookies:		<none>
Multiparts:		<none>
Body:
{
    "login": "nooNAeTFlo",
    "password": null,
    "id": 0
}
Request method:	POST
Request URI:	http://qa-scooter.praktikum-services.ru/api/v1/courier/login
Proxy:			<none>
Request params:	<none>
Query params:	<none>
Form params:	<none>
Path params:	<none>
Headers:		Accept=*/*
				Content-Type=application/json
Cookies:		<none>
Multiparts:		<none>
Body:
{
    "login": "nooNAeTFlo",
    "password": null,
    "id": 0
}
Request method:	POST
Request URI:	http://qa-scooter.praktikum-services.ru/api/v1/courier/login
Proxy:			<none>
Request params:	<none>
Query params:	<none>
Form params:	<none>
Path params:	<none>
Headers:		Accept=*/*
				Content-Type=application/json
Cookies:		<none>
Multiparts:		<none>
Body:
{
    "login": "nooNAeTFlo",
    "password": null,
    "id": 0
}
Request method:	POST
Request URI:	http://qa-scooter.praktikum-services.ru/api/v1/courier/login
Proxy:			<none>
Request params:	<none>
Query params:	<none>
Form params:	<none>
Path params:	<none>
Headers:		Accept=*/*
				Content-Type=application/json
Cookies:		<none>
Multiparts:		<none>
Body:
{
    "login": "nooNAeTFlo",
    "password": null,
    "id": 0
}
Request method:	POST
Request URI:	http://qa-scooter.praktikum-services.ru/api/v1/courier/login
Proxy:			<none>
Request params:	<none>
Query params:	<none>
Form params:	<none>
Path params:	<none>
Headers:		Accept=*/*
				Content-Type=application/json
Cookies:		<none>
Multiparts:		<none>
Body:
{
    "login": "nooNAeTFlo",
    "password": null,
    "id": 0
}
HTTP/1.1 504 Gateway time out
Content-Length: 19
Set-Cookie: _yasc=jH5fzfRWytucNKxfVI1ZFjmTrDNbpiksOIrt8vEVcm6/wA==; domain=.praktikum-services.ru; path=/; expires=Tue, 12-Jul-2022 13:43:41 GMT; secure
X-Request-Id: 1655041421844757-9261964427544485158

Service unavailable
HTTP/1.1 504 Gateway time out
Content-Length: 19
Set-Cookie: _yasc=jH5fzfRWytucNKxfVI1ZFjmTrDNbpiksOIrt8vEVcm6/wA==; domain=.praktikum-services.ru; path=/; expires=Tue, 12-Jul-2022 13:43:41 GMT; secure
X-Request-Id: 1655041421844757-9261964427544485158

Service unavailable
HTTP/1.1 504 Gateway time out
Content-Length: 19
Set-Cookie: _yasc=jH5fzfRWytucNKxfVI1ZFjmTrDNbpiksOIrt8vEVcm6/wA==; domain=.praktikum-services.ru; path=/; expires=Tue, 12-Jul-2022 13:43:41 GMT; secure
X-Request-Id: 1655041421844757-9261964427544485158

Service unavailable
HTTP/1.1 504 Gateway time out
Content-Length: 19
Set-Cookie: _yasc=jH5fzfRWytucNKxfVI1ZFjmTrDNbpiksOIrt8vEVcm6/wA==; domain=.praktikum-services.ru; path=/; expires=Tue, 12-Jul-2022 13:43:41 GMT; secure
X-Request-Id: 1655041421844757-9261964427544485158

Service unavailable
HTTP/1.1 504 Gateway time out
Content-Length: 19
Set-Cookie: _yasc=jH5fzfRWytucNKxfVI1ZFjmTrDNbpiksOIrt8vEVcm6/wA==; domain=.praktikum-services.ru; path=/; expires=Tue, 12-Jul-2022 13:43:41 GMT; secure
X-Request-Id: 1655041421844757-9261964427544485158

Service unavailable
HTTP/1.1 504 Gateway time out
Content-Length: 19
Set-Cookie: _yasc=jH5fzfRWytucNKxfVI1ZFjmTrDNbpiksOIrt8vEVcm6/wA==; domain=.praktikum-services.ru; path=/; expires=Tue, 12-Jul-2022 13:43:41 GMT; secure
X-Request-Id: 1655041421844757-9261964427544485158

Service unavailable
HTTP/1.1 504 Gateway time out
Content-Length: 19
Set-Cookie: _yasc=jH5fzfRWytucNKxfVI1ZFjmTrDNbpiksOIrt8vEVcm6/wA==; domain=.praktikum-services.ru; path=/; expires=Tue, 12-Jul-2022 13:43:41 GMT; secure
X-Request-Id: 1655041421844757-9261964427544485158

Service unavailable
HTTP/1.1 504 Gateway time out
Content-Length: 19
Set-Cookie: _yasc=jH5fzfRWytucNKxfVI1ZFjmTrDNbpiksOIrt8vEVcm6/wA==; domain=.praktikum-services.ru; path=/; expires=Tue, 12-Jul-2022 13:43:41 GMT; secure
X-Request-Id: 1655041421844757-9261964427544485158

Service unavailable
HTTP/1.1 504 Gateway time out
Content-Length: 19
Set-Cookie: _yasc=jH5fzfRWytucNKxfVI1ZFjmTrDNbpiksOIrt8vEVcm6/wA==; domain=.praktikum-services.ru; path=/; expires=Tue, 12-Jul-2022 13:43:41 GMT; secure
X-Request-Id: 1655041421844757-9261964427544485158

Service unavailable
HTTP/1.1 504 Gateway time out
Content-Length: 19
Set-Cookie: _yasc=jH5fzfRWytucNKxfVI1ZFjmTrDNbpiksOIrt8vEVcm6/wA==; domain=.praktikum-services.ru; path=/; expires=Tue, 12-Jul-2022 13:43:41 GMT; secure
X-Request-Id: 1655041421844757-9261964427544485158

Service unavailable
HTTP/1.1 504 Gateway time out
Content-Length: 19
Set-Cookie: _yasc=jH5fzfRWytucNKxfVI1ZFjmTrDNbpiksOIrt8vEVcm6/wA==; domain=.praktikum-services.ru; path=/; expires=Tue, 12-Jul-2022 13:43:41 GMT; secure
X-Request-Id: 1655041421844757-9261964427544485158

Service unavailable
HTTP/1.1 504 Gateway time out
Content-Length: 19
Set-Cookie: _yasc=jH5fzfRWytucNKxfVI1ZFjmTrDNbpiksOIrt8vEVcm6/wA==; domain=.praktikum-services.ru; path=/; expires=Tue, 12-Jul-2022 13:43:41 GMT; secure
X-Request-Id: 1655041421844757-9261964427544485158

Service unavailable
HTTP/1.1 504 Gateway time out
Content-Length: 19
Set-Cookie: _yasc=jH5fzfRWytucNKxfVI1ZFjmTrDNbpiksOIrt8vEVcm6/wA==; domain=.praktikum-services.ru; path=/; expires=Tue, 12-Jul-2022 13:43:41 GMT; secure
X-Request-Id: 1655041421844757-9261964427544485158

Service unavailable
HTTP/1.1 504 Gateway time out
Content-Length: 19
Set-Cookie: _yasc=jH5fzfRWytucNKxfVI1ZFjmTrDNbpiksOIrt8vEVcm6/wA==; domain=.praktikum-services.ru; path=/; expires=Tue, 12-Jul-2022 13:43:41 GMT; secure
X-Request-Id: 1655041421844757-9261964427544485158

Service unavailable
HTTP/1.1 504 Gateway time out
Content-Length: 19
Set-Cookie: _yasc=jH5fzfRWytucNKxfVI1ZFjmTrDNbpiksOIrt8vEVcm6/wA==; domain=.praktikum-services.ru; path=/; expires=Tue, 12-Jul-2022 13:43:41 GMT; secure
X-Request-Id: 1655041421844757-9261964427544485158

Service unavailable
HTTP/1.1 504 Gateway time out
Content-Length: 19
Set-Cookie: _yasc=jH5fzfRWytucNKxfVI1ZFjmTrDNbpiksOIrt8vEVcm6/wA==; domain=.praktikum-services.ru; path=/; expires=Tue, 12-Jul-2022 13:43:41 GMT; secure
X-Request-Id: 1655041421844757-9261964427544485158

Service unavailable
HTTP/1.1 504 Gateway time out
Content-Length: 19
Set-Cookie: _yasc=jH5fzfRWytucNKxfVI1ZFjmTrDNbpiksOIrt8vEVcm6/wA==; domain=.praktikum-services.ru; path=/; expires=Tue, 12-Jul-2022 13:43:41 GMT; secure
X-Request-Id: 1655041421844757-9261964427544485158

Service unavailable
HTTP/1.1 504 Gateway time out
Content-Length: 19
Set-Cookie: _yasc=jH5fzfRWytucNKxfVI1ZFjmTrDNbpiksOIrt8vEVcm6/wA==; domain=.praktikum-services.ru; path=/; expires=Tue, 12-Jul-2022 13:43:41 GMT; secure
X-Request-Id: 1655041421844757-9261964427544485158

Service unavailable
HTTP/1.1 504 Gateway time out
Content-Length: 19
Set-Cookie: _yasc=jH5fzfRWytucNKxfVI1ZFjmTrDNbpiksOIrt8vEVcm6/wA==; domain=.praktikum-services.ru; path=/; expires=Tue, 12-Jul-2022 13:43:41 GMT; secure
X-Request-Id: 1655041421844757-9261964427544485158

Service unavailable
HTTP/1.1 504 Gateway time out
Content-Length: 19
Set-Cookie: _yasc=jH5fzfRWytucNKxfVI1ZFjmTrDNbpiksOIrt8vEVcm6/wA==; domain=.praktikum-services.ru; path=/; expires=Tue, 12-Jul-2022 13:43:41 GMT; secure
X-Request-Id: 1655041421844757-9261964427544485158

Service unavailable
Request method:	DELETE
Request URI:	http://qa-scooter.praktikum-services.ru/api/v1/courier/80577
Proxy:			<none>
Request params:	<none>
Query params:	<none>
Form params:	<none>
Path params:	<none>
Headers:		Accept=*/*
Cookies:		<none>
Multiparts:		<none>
Body:			<none>
Request method:	DELETE
Request URI:	http://qa-scooter.praktikum-services.ru/api/v1/courier/80577
Proxy:			<none>
Request params:	<none>
Query params:	<none>
Form params:	<none>
Path params:	<none>
Headers:		Accept=*/*
Cookies:		<none>
Multiparts:		<none>
Body:			<none>
Request method:	DELETE
Request URI:	http://qa-scooter.praktikum-services.ru/api/v1/courier/80577
Proxy:			<none>
Request params:	<none>
Query params:	<none>
Form params:	<none>
Path params:	<none>
Headers:		Accept=*/*
Cookies:		<none>
Multiparts:		<none>
Body:			<none>
Request method:	DELETE
Request URI:	http://qa-scooter.praktikum-services.ru/api/v1/courier/80577
Proxy:			<none>
Request params:	<none>
Query params:	<none>
Form params:	<none>
Path params:	<none>
Headers:		Accept=*/*
Cookies:		<none>
Multiparts:		<none>
Body:			<none>
Request method:	DELETE
Request URI:	http://qa-scooter.praktikum-services.ru/api/v1/courier/80577
Proxy:			<none>
Request params:	<none>
Query params:	<none>
Form params:	<none>
Path params:	<none>
Headers:		Accept=*/*
Cookies:		<none>
Multiparts:		<none>
Body:			<none>
Request method:	DELETE
Request URI:	http://qa-scooter.praktikum-services.ru/api/v1/courier/80577
Proxy:			<none>
Request params:	<none>
Query params:	<none>
Form params:	<none>
Path params:	<none>
Headers:		Accept=*/*
Cookies:		<none>
Multiparts:		<none>
Body:			<none>
Request method:	DELETE
Request URI:	http://qa-scooter.praktikum-services.ru/api/v1/courier/80577
Proxy:			<none>
Request params:	<none>
Query params:	<none>
Form params:	<none>
Path params:	<none>
Headers:		Accept=*/*
Cookies:		<none>
Multiparts:		<none>
Body:			<none>
Request method:	DELETE
Request URI:	http://qa-scooter.praktikum-services.ru/api/v1/courier/80577
Proxy:			<none>
Request params:	<none>
Query params:	<none>
Form params:	<none>
Path params:	<none>
Headers:		Accept=*/*
Cookies:		<none>
Multiparts:		<none>
Body:			<none>
Request method:	DELETE
Request URI:	http://qa-scooter.praktikum-services.ru/api/v1/courier/80577
Proxy:			<none>
Request params:	<none>
Query params:	<none>
Form params:	<none>
Path params:	<none>
Headers:		Accept=*/*
Cookies:		<none>
Multiparts:		<none>
Body:			<none>
Request method:	DELETE
Request URI:	http://qa-scooter.praktikum-services.ru/api/v1/courier/80577
Proxy:			<none>
Request params:	<none>
Query params:	<none>
Form params:	<none>
Path params:	<none>
Headers:		Accept=*/*
Cookies:		<none>
Multiparts:		<none>
Body:			<none>
Request method:	DELETE
Request URI:	http://qa-scooter.praktikum-services.ru/api/v1/courier/80577
Proxy:			<none>
Request params:	<none>
Query params:	<none>
Form params:	<none>
Path params:	<none>
Headers:		Accept=*/*
Cookies:		<none>
Multiparts:		<none>
Body:			<none>
Request method:	DELETE
Request URI:	http://qa-scooter.praktikum-services.ru/api/v1/courier/80577
Proxy:			<none>
Request params:	<none>
Query params:	<none>
Form params:	<none>
Path params:	<none>
Headers:		Accept=*/*
Cookies:		<none>
Multiparts:		<none>
Body:			<none>
Request method:	DELETE
Request URI:	http://qa-scooter.praktikum-services.ru/api/v1/courier/80577
Proxy:			<none>
Request params:	<none>
Query params:	<none>
Form params:	<none>
Path params:	<none>
Headers:		Accept=*/*
Cookies:		<none>
Multiparts:		<none>
Body:			<none>
Request method:	DELETE
Request URI:	http://qa-scooter.praktikum-services.ru/api/v1/courier/80577
Proxy:			<none>
Request params:	<none>
Query params:	<none>
Form params:	<none>
Path params:	<none>
Headers:		Accept=*/*
Cookies:		<none>
Multiparts:		<none>
Body:			<none>
Request method:	DELETE
Request URI:	http://qa-scooter.praktikum-services.ru/api/v1/courier/80577
Proxy:			<none>
Request params:	<none>
Query params:	<none>
Form params:	<none>
Path params:	<none>
Headers:		Accept=*/*
Cookies:		<none>
Multiparts:		<none>
Body:			<none>
Request method:	DELETE
Request URI:	http://qa-scooter.praktikum-services.ru/api/v1/courier/80577
Proxy:			<none>
Request params:	<none>
Query params:	<none>
Form params:	<none>
Path params:	<none>
Headers:		Accept=*/*
Cookies:		<none>
Multiparts:		<none>
Body:			<none>
Request method:	DELETE
Request URI:	http://qa-scooter.praktikum-services.ru/api/v1/courier/80577
Proxy:			<none>
Request params:	<none>
Query params:	<none>
Form params:	<none>
Path params:	<none>
Headers:		Accept=*/*
Cookies:		<none>
Multiparts:		<none>
Body:			<none>
Request method:	DELETE
Request URI:	http://qa-scooter.praktikum-services.ru/api/v1/courier/80577
Proxy:			<none>
Request params:	<none>
Query params:	<none>
Form params:	<none>
Path params:	<none>
Headers:		Accept=*/*
Cookies:		<none>
Multiparts:		<none>
Body:			<none>
Request method:	DELETE
Request URI:	http://qa-scooter.praktikum-services.ru/api/v1/courier/80577
Proxy:			<none>
Request params:	<none>
Query params:	<none>
Form params:	<none>
Path params:	<none>
Headers:		Accept=*/*
Cookies:		<none>
Multiparts:		<none>
Body:			<none>
Request method:	DELETE
Request URI:	http://qa-scooter.praktikum-services.ru/api/v1/courier/80577
Proxy:			<none>
Request params:	<none>
Query params:	<none>
Form params:	<none>
Path params:	<none>
Headers:		Accept=*/*
Cookies:		<none>
Multiparts:		<none>
Body:			<none>
HTTP/1.1 200 OK
Access-Control-Allow-Origin: *
Content-Length: 11
Content-Type: application/json; charset=utf-8
Date: Sun, 12 Jun 2022 13:44:42 GMT
ETag: W/"b-Ai2R8hgEarLmHKwesT1qcY913ys"
Set-Cookie: _yasc=GqvqB9NSyYyOVEz3OnpQRhQeXDAcut/dP0c5vbATCgX//g==; domain=.praktikum-services.ru; path=/; expires=Tue, 12-Jul-2022 13:44:42 GMT; secure
X-Powered-By: Express
X-Request-Id: 1655041482101271-8318946063753792613

{
    "ok": true
}
HTTP/1.1 200 OK
Access-Control-Allow-Origin: *
Content-Length: 11
Content-Type: application/json; charset=utf-8
Date: Sun, 12 Jun 2022 13:44:42 GMT
ETag: W/"b-Ai2R8hgEarLmHKwesT1qcY913ys"
Set-Cookie: _yasc=GqvqB9NSyYyOVEz3OnpQRhQeXDAcut/dP0c5vbATCgX//g==; domain=.praktikum-services.ru; path=/; expires=Tue, 12-Jul-2022 13:44:42 GMT; secure
X-Powered-By: Express
X-Request-Id: 1655041482101271-8318946063753792613

{
    "ok": true
}
HTTP/1.1 200 OK
Access-Control-Allow-Origin: *
Content-Length: 11
Content-Type: application/json; charset=utf-8
Date: Sun, 12 Jun 2022 13:44:42 GMT
ETag: W/"b-Ai2R8hgEarLmHKwesT1qcY913ys"
Set-Cookie: _yasc=GqvqB9NSyYyOVEz3OnpQRhQeXDAcut/dP0c5vbATCgX//g==; domain=.praktikum-services.ru; path=/; expires=Tue, 12-Jul-2022 13:44:42 GMT; secure
X-Powered-By: Express
X-Request-Id: 1655041482101271-8318946063753792613

{
    "ok": true
}
HTTP/1.1 200 OK
Access-Control-Allow-Origin: *
Content-Length: 11
Content-Type: application/json; charset=utf-8
Date: Sun, 12 Jun 2022 13:44:42 GMT
ETag: W/"b-Ai2R8hgEarLmHKwesT1qcY913ys"
Set-Cookie: _yasc=GqvqB9NSyYyOVEz3OnpQRhQeXDAcut/dP0c5vbATCgX//g==; domain=.praktikum-services.ru; path=/; expires=Tue, 12-Jul-2022 13:44:42 GMT; secure
X-Powered-By: Express
X-Request-Id: 1655041482101271-8318946063753792613

{
    "ok": true
}
HTTP/1.1 200 OK
Access-Control-Allow-Origin: *
Content-Length: 11
Content-Type: application/json; charset=utf-8
Date: Sun, 12 Jun 2022 13:44:42 GMT
ETag: W/"b-Ai2R8hgEarLmHKwesT1qcY913ys"
Set-Cookie: _yasc=GqvqB9NSyYyOVEz3OnpQRhQeXDAcut/dP0c5vbATCgX//g==; domain=.praktikum-services.ru; path=/; expires=Tue, 12-Jul-2022 13:44:42 GMT; secure
X-Powered-By: Express
X-Request-Id: 1655041482101271-8318946063753792613

{
    "ok": true
}
HTTP/1.1 200 OK
Access-Control-Allow-Origin: *
Content-Length: 11
Content-Type: application/json; charset=utf-8
Date: Sun, 12 Jun 2022 13:44:42 GMT
ETag: W/"b-Ai2R8hgEarLmHKwesT1qcY913ys"
Set-Cookie: _yasc=GqvqB9NSyYyOVEz3OnpQRhQeXDAcut/dP0c5vbATCgX//g==; domain=.praktikum-services.ru; path=/; expires=Tue, 12-Jul-2022 13:44:42 GMT; secure
X-Powered-By: Express
X-Request-Id: 1655041482101271-8318946063753792613

{
    "ok": true
}
HTTP/1.1 200 OK
Access-Control-Allow-Origin: *
Content-Length: 11
Content-Type: application/json; charset=utf-8
Date: Sun, 12 Jun 2022 13:44:42 GMT
ETag: W/"b-Ai2R8hgEarLmHKwesT1qcY913ys"
Set-Cookie: _yasc=GqvqB9NSyYyOVEz3OnpQRhQeXDAcut/dP0c5vbATCgX//g==; domain=.praktikum-services.ru; path=/; expires=Tue, 12-Jul-2022 13:44:42 GMT; secure
X-Powered-By: Express
X-Request-Id: 1655041482101271-8318946063753792613

{
    "ok": true
}
HTTP/1.1 200 OK
Access-Control-Allow-Origin: *
Content-Length: 11
Content-Type: application/json; charset=utf-8
Date: Sun, 12 Jun 2022 13:44:42 GMT
ETag: W/"b-Ai2R8hgEarLmHKwesT1qcY913ys"
Set-Cookie: _yasc=GqvqB9NSyYyOVEz3OnpQRhQeXDAcut/dP0c5vbATCgX//g==; domain=.praktikum-services.ru; path=/; expires=Tue, 12-Jul-2022 13:44:42 GMT; secure
X-Powered-By: Express
X-Request-Id: 1655041482101271-8318946063753792613

{
    "ok": true
}
HTTP/1.1 200 OK
Access-Control-Allow-Origin: *
Content-Length: 11
Content-Type: application/json; charset=utf-8
Date: Sun, 12 Jun 2022 13:44:42 GMT
ETag: W/"b-Ai2R8hgEarLmHKwesT1qcY913ys"
Set-Cookie: _yasc=GqvqB9NSyYyOVEz3OnpQRhQeXDAcut/dP0c5vbATCgX//g==; domain=.praktikum-services.ru; path=/; expires=Tue, 12-Jul-2022 13:44:42 GMT; secure
X-Powered-By: Express
X-Request-Id: 1655041482101271-8318946063753792613

{
    "ok": true
}
HTTP/1.1 200 OK
Access-Control-Allow-Origin: *
Content-Length: 11
Content-Type: application/json; charset=utf-8
Date: Sun, 12 Jun 2022 13:44:42 GMT
ETag: W/"b-Ai2R8hgEarLmHKwesT1qcY913ys"
Set-Cookie: _yasc=GqvqB9NSyYyOVEz3OnpQRhQeXDAcut/dP0c5vbATCgX//g==; domain=.praktikum-services.ru; path=/; expires=Tue, 12-Jul-2022 13:44:42 GMT; secure
X-Powered-By: Express
X-Request-Id: 1655041482101271-8318946063753792613

{
    "ok": true
}
HTTP/1.1 200 OK
Access-Control-Allow-Origin: *
Content-Length: 11
Content-Type: application/json; charset=utf-8
Date: Sun, 12 Jun 2022 13:44:42 GMT
ETag: W/"b-Ai2R8hgEarLmHKwesT1qcY913ys"
Set-Cookie: _yasc=GqvqB9NSyYyOVEz3OnpQRhQeXDAcut/dP0c5vbATCgX//g==; domain=.praktikum-services.ru; path=/; expires=Tue, 12-Jul-2022 13:44:42 GMT; secure
X-Powered-By: Express
X-Request-Id: 1655041482101271-8318946063753792613

{
    "ok": true
}
HTTP/1.1 200 OK
Access-Control-Allow-Origin: *
Content-Length: 11
Content-Type: application/json; charset=utf-8
Date: Sun, 12 Jun 2022 13:44:42 GMT
ETag: W/"b-Ai2R8hgEarLmHKwesT1qcY913ys"
Set-Cookie: _yasc=GqvqB9NSyYyOVEz3OnpQRhQeXDAcut/dP0c5vbATCgX//g==; domain=.praktikum-services.ru; path=/; expires=Tue, 12-Jul-2022 13:44:42 GMT; secure
X-Powered-By: Express
X-Request-Id: 1655041482101271-8318946063753792613

{
    "ok": true
}
HTTP/1.1 200 OK
Access-Control-Allow-Origin: *
Content-Length: 11
Content-Type: application/json; charset=utf-8
Date: Sun, 12 Jun 2022 13:44:42 GMT
ETag: W/"b-Ai2R8hgEarLmHKwesT1qcY913ys"
Set-Cookie: _yasc=GqvqB9NSyYyOVEz3OnpQRhQeXDAcut/dP0c5vbATCgX//g==; domain=.praktikum-services.ru; path=/; expires=Tue, 12-Jul-2022 13:44:42 GMT; secure
X-Powered-By: Express
X-Request-Id: 1655041482101271-8318946063753792613

{
    "ok": true
}
HTTP/1.1 200 OK
Access-Control-Allow-Origin: *
Content-Length: 11
Content-Type: application/json; charset=utf-8
Date: Sun, 12 Jun 2022 13:44:42 GMT
ETag: W/"b-Ai2R8hgEarLmHKwesT1qcY913ys"
Set-Cookie: _yasc=GqvqB9NSyYyOVEz3OnpQRhQeXDAcut/dP0c5vbATCgX//g==; domain=.praktikum-services.ru; path=/; expires=Tue, 12-Jul-2022 13:44:42 GMT; secure
X-Powered-By: Express
X-Request-Id: 1655041482101271-8318946063753792613

{
    "ok": true
}
HTTP/1.1 200 OK
Access-Control-Allow-Origin: *
Content-Length: 11
Content-Type: application/json; charset=utf-8
Date: Sun, 12 Jun 2022 13:44:42 GMT
ETag: W/"b-Ai2R8hgEarLmHKwesT1qcY913ys"
Set-Cookie: _yasc=GqvqB9NSyYyOVEz3OnpQRhQeXDAcut/dP0c5vbATCgX//g==; domain=.praktikum-services.ru; path=/; expires=Tue, 12-Jul-2022 13:44:42 GMT; secure
X-Powered-By: Express
X-Request-Id: 1655041482101271-8318946063753792613

{
    "ok": true
}
HTTP/1.1 200 OK
Access-Control-Allow-Origin: *
Content-Length: 11
Content-Type: application/json; charset=utf-8
Date: Sun, 12 Jun 2022 13:44:42 GMT
ETag: W/"b-Ai2R8hgEarLmHKwesT1qcY913ys"
Set-Cookie: _yasc=GqvqB9NSyYyOVEz3OnpQRhQeXDAcut/dP0c5vbATCgX//g==; domain=.praktikum-services.ru; path=/; expires=Tue, 12-Jul-2022 13:44:42 GMT; secure
X-Powered-By: Express
X-Request-Id: 1655041482101271-8318946063753792613

{
    "ok": true
}
HTTP/1.1 200 OK
Access-Control-Allow-Origin: *
Content-Length: 11
Content-Type: application/json; charset=utf-8
Date: Sun, 12 Jun 2022 13:44:42 GMT
ETag: W/"b-Ai2R8hgEarLmHKwesT1qcY913ys"
Set-Cookie: _yasc=GqvqB9NSyYyOVEz3OnpQRhQeXDAcut/dP0c5vbATCgX//g==; domain=.praktikum-services.ru; path=/; expires=Tue, 12-Jul-2022 13:44:42 GMT; secure
X-Powered-By: Express
X-Request-Id: 1655041482101271-8318946063753792613

{
    "ok": true
}
HTTP/1.1 200 OK
Access-Control-Allow-Origin: *
Content-Length: 11
Content-Type: application/json; charset=utf-8
Date: Sun, 12 Jun 2022 13:44:42 GMT
ETag: W/"b-Ai2R8hgEarLmHKwesT1qcY913ys"
Set-Cookie: _yasc=GqvqB9NSyYyOVEz3OnpQRhQeXDAcut/dP0c5vbATCgX//g==; domain=.praktikum-services.ru; path=/; expires=Tue, 12-Jul-2022 13:44:42 GMT; secure
X-Powered-By: Express
X-Request-Id: 1655041482101271-8318946063753792613

{
    "ok": true
}
HTTP/1.1 200 OK
Access-Control-Allow-Origin: *
Content-Length: 11
Content-Type: application/json; charset=utf-8
Date: Sun, 12 Jun 2022 13:44:42 GMT
ETag: W/"b-Ai2R8hgEarLmHKwesT1qcY913ys"
Set-Cookie: _yasc=GqvqB9NSyYyOVEz3OnpQRhQeXDAcut/dP0c5vbATCgX//g==; domain=.praktikum-services.ru; path=/; expires=Tue, 12-Jul-2022 13:44:42 GMT; secure
X-Powered-By: Express
X-Request-Id: 1655041482101271-8318946063753792613

{
    "ok": true
}
HTTP/1.1 200 OK
Access-Control-Allow-Origin: *
Content-Length: 11
Content-Type: application/json; charset=utf-8
Date: Sun, 12 Jun 2022 13:44:42 GMT
ETag: W/"b-Ai2R8hgEarLmHKwesT1qcY913ys"
Set-Cookie: _yasc=GqvqB9NSyYyOVEz3OnpQRhQeXDAcut/dP0c5vbATCgX//g==; domain=.praktikum-services.ru; path=/; expires=Tue, 12-Jul-2022 13:44:42 GMT; secure
X-Powered-By: Express
X-Request-Id: 1655041482101271-8318946063753792613

{
    "ok": true
}
?????? ???????(After ?????) id = 80577
200
----------------------------------------------------------------
]]></system-out>
  </testcase>
</testsuite>