<?xml version="1.0" encoding="UTF-8"?>
<testsuite xmlns:xsi="http://www.w3.org/2001/XMLSchema-instance" xsi:noNamespaceSchemaLocation="https://maven.apache.org/surefire/maven-surefire-plugin/xsd/surefire-test-report.xsd" name="ru.yandex.sprint3.CreateCourierTest" time="5.98" tests="7" errors="0" skipped="0" failures="0">
  <properties>
[...]
</properties>
  <testcase name="testCourierCreatSuccessBodyOkTrue" classname="ru.yandex.sprint3.CreateCourierTest" time="3.089"/>
  <testcase name="testCourierCreatReturnErrorIfNoOneField" classname="ru.yandex.sprint3.CreateCourierTest" time="0.273"/>
  <testcase name="testCourierCreatingWithRequiredFields" classname="ru.yandex.sprint3.CreateCourierTest" time="0.477"/>
  <testcase name="testCourierCreateReturnCorrectSatusCode" classname="ru.yandex.sprint3.CreateCourierTest" time="0.403"/>
  <testcase name="testCourierCreatReturnErrorIfLoginIsCreate" classname="ru.yandex.sprint3.CreateCourierTest" time="0.567"/>
  <testcase name="testCantCreateSameCourier" classname="ru.yandex.sprint3.CreateCourierTest" time="0.545"/>
  <testcase name="testCourierCanCreate" classname="ru.yandex.sprint3.CreateCourierTest" time="0.457"/>
</testsuite>